<?xml version="1.0" encoding="UTF-8"?>
<testsuite name="com.gildedrose.GildedRoseTest" tests="17" skipped="0" failures="0" errors="0" timestamp="2020-11-14T15:15:32" hostname="LAPTOP-GNJI30L4" time="0.105">
  <properties/>
  <testcase name="Sulfuras()" classname="com.gildedrose.GildedRoseTest" time="0.034"/>
  <testcase name="Backstage_passes2()" classname="com.gildedrose.GildedRoseTest" time="0.004"/>
  <testcase name="Backstage_passes3()" classname="com.gildedrose.GildedRoseTest" time="0.004"/>
  <testcase name="Backstage_passes4()" classname="com.gildedrose.GildedRoseTest" time="0.001"/>
  <testcase name="Dexterity1()" classname="com.gildedrose.GildedRoseTest" time="0.003"/>
  <testcase name="Dexterity2()" classname="com.gildedrose.GildedRoseTest" time="0.001"/>
  <testcase name="Dexterity3()" classname="com.gildedrose.GildedRoseTest" time="0.0"/>
  <testcase name="Backstage_passes()" classname="com.gildedrose.GildedRoseTest" time="0.001"/>
  <testcase name="others()" classname="com.gildedrose.GildedRoseTest" time="0.001"/>
  <testcase name="Conjured()" classname="com.gildedrose.GildedRoseTest" time="0.0"/>
  <testcase name="AgedBriesellininf10()" classname="com.gildedrose.GildedRoseTest" time="0.003"/>
  <testcase name="Dexterity()" classname="com.gildedrose.GildedRoseTest" time="0.001"/>
  <testcase name="AgedBrie2()" classname="com.gildedrose.GildedRoseTest" time="0.002"/>
  <testcase name="AgedBrie3()" classname="com.gildedrose.GildedRoseTest" time="0.001"/>
  <testcase name="AgedBriesellin5()" classname="com.gildedrose.GildedRoseTest" time="0.001"/>
  <testcase name="Conjured2()" classname="com.gildedrose.GildedRoseTest" time="0.001"/>
  <testcase name="AgedBrie()" classname="com.gildedrose.GildedRoseTest" time="0.001"/>
  <system-out><![CDATA[]]></system-out>
  <system-err><![CDATA[]]></system-err>
</testsuite>
